[debug] [2018-07-19T20:00:14.323Z] ----------------------------------------------------------------------
[debug] [2018-07-19T20:00:14.327Z] Command:       C:\Program Files\nodejs\node.exe C:\Users\jeeva\AppData\Roaming\npm\node_modules\firebase-tools\bin\firebase deploy
[debug] [2018-07-19T20:00:14.327Z] CLI Version:   3.19.3
[debug] [2018-07-19T20:00:14.327Z] Platform:      win32
[debug] [2018-07-19T20:00:14.327Z] Node Version:  v8.11.3
[debug] [2018-07-19T20:00:14.327Z] Time:          Fri Jul 20 2018 01:30:14 GMT+0530 (India Standard Time)
[debug] [2018-07-19T20:00:14.328Z] ----------------------------------------------------------------------
[debug] 
[debug] [2018-07-19T20:00:14.344Z] > command requires scopes: ["email","openid","https://www.googleapis.com/auth/cloudplatformprojects.readonly","https://www.googleapis.com/auth/firebase","https://www.googleapis.com/auth/cloud-platform"]
[debug] [2018-07-19T20:00:14.344Z] > authorizing via signed-in user
[debug] [2018-07-19T20:00:14.346Z] > refreshing access token with scopes: ["email","https://www.googleapis.com/auth/cloud-platform","https://www.googleapis.com/auth/cloudplatformprojects.readonly","https://www.googleapis.com/auth/firebase","openid"]
[debug] [2018-07-19T20:00:14.347Z] >>> HTTP REQUEST POST https://www.googleapis.com/oauth2/v3/token  
 { refresh_token: '1/c5nwMBme0Hx_qkvHDISUw4I46qtdOtQShhg7yqTFohA',
  client_id: '563584335869-fgrhgmd47bqnekij5i8b5pr03ho849e6.apps.googleusercontent.com',
  client_secret: 'j9iVZfS8kkCEFUPaAeJV0sAi',
  grant_type: 'refresh_token',
  scope: 'email https://www.googleapis.com/auth/cloud-platform https://www.googleapis.com/auth/cloudplatformprojects.readonly https://www.googleapis.com/auth/firebase openid' } 
 Fri Jul 20 2018 01:30:14 GMT+0530 (India Standard Time)
[debug] [2018-07-19T20:00:14.943Z] <<< HTTP RESPONSE 200
[debug] [2018-07-19T20:00:15.020Z] >>> HTTP REQUEST GET https://admin.firebase.com/v1/projects/ctex-82945  
  
 Fri Jul 20 2018 01:30:15 GMT+0530 (India Standard Time)
[debug] [2018-07-19T20:00:17.280Z] <<< HTTP RESPONSE 200
[debug] [2018-07-19T20:00:17.281Z] >>> HTTP REQUEST GET https://admin.firebase.com/v1/database/ctex-82945/tokens  
  
 Fri Jul 20 2018 01:30:17 GMT+0530 (India Standard Time)
[debug] [2018-07-19T20:00:18.753Z] <<< HTTP RESPONSE 200
